<?xml version="1.0" encoding="UTF-8"?>
<!-- Generated by org.testng.reporters.JUnitXMLReporter -->
<testsuite hostname="DESKTOP-AH6BEL9" ignored="1" name="Default test" tests="4" failures="0" timestamp="10 Feb 2020 16:37:43 GMT" time="0.296" errors="0">
  <testcase name="DriveAcar" time="0.04" classname="testNG.skipATestCase"/>
  <testcase name="putFristGear" time="0.007" classname="testNG.skipATestCase"/>
  <testcase name="putSecondGear" time="0.006" classname="testNG.skipATestCase"/>
  <testcase name="putThirdGear" time="0.014" classname="testNG.skipATestCase"/>
  <testcase name="puFourthGear" time="0.0" classname="testNG.skipATestCase">
    <ignored/>
  </testcase> <!-- puFourthGear -->
</testsuite> <!-- Default test -->
