<?xml version="1.0" encoding="UTF-8"?>
<testng-results skipped="0" failed="0" ignored="1" total="5" passed="4">
  <reporter-output>
  </reporter-output>
  <suite name="Default suite" duration-ms="296" started-at="2020-02-10T16:37:42Z" finished-at="2020-02-10T16:37:43Z">
    <groups>
    </groups>
    <test name="Default test" duration-ms="296" started-at="2020-02-10T16:37:42Z" finished-at="2020-02-10T16:37:43Z">
      <class name="testNG.skipATestCase">
        <test-method status="PASS" signature="DriveAcar()[pri:0, instance:testNG.skipATestCase@6ea12c19]" name="DriveAcar" duration-ms="40" started-at="2020-02-10T22:07:42Z" finished-at="2020-02-10T22:07:42Z">
          <reporter-output>
          </reporter-output>
        </test-method> <!-- DriveAcar -->
        <test-method status="PASS" signature="putFristGear()[pri:1, instance:testNG.skipATestCase@6ea12c19]" name="putFristGear" duration-ms="7" started-at="2020-02-10T22:07:42Z" finished-at="2020-02-10T22:07:42Z">
          <reporter-output>
          </reporter-output>
        </test-method> <!-- putFristGear -->
        <test-method status="PASS" signature="putSecondGear()[pri:2, instance:testNG.skipATestCase@6ea12c19]" name="putSecondGear" duration-ms="6" started-at="2020-02-10T22:07:43Z" finished-at="2020-02-10T22:07:43Z">
          <reporter-output>
          </reporter-output>
        </test-method> <!-- putSecondGear -->
        <test-method status="PASS" signature="putThirdGear()[pri:3, instance:testNG.skipATestCase@6ea12c19]" name="putThirdGear" duration-ms="14" started-at="2020-02-10T22:07:43Z" finished-at="2020-02-10T22:07:43Z">
          <reporter-output>
          </reporter-output>
        </test-method> <!-- putThirdGear -->
      </class> <!-- testNG.skipATestCase -->
    </test> <!-- Default test -->
  </suite> <!-- Default suite -->
</testng-results>
